Determining if the pthread_create exist failed with the following output:
Change Dir: /home/pi/Car/build/CMakeFiles/CMakeTmp

Run Build Command:"/usr/bin/make" "cmTC_1f9d9/fast"
/usr/bin/make -f CMakeFiles/cmTC_1f9d9.dir/build.make CMakeFiles/cmTC_1f9d9.dir/build
make[1]: Entering directory '/home/pi/Car/build/CMakeFiles/CMakeTmp'
Building C object CMakeFiles/cmTC_1f9d9.dir/CheckSymbolExists.c.o
/usr/bin/cc     -o CMakeFiles/cmTC_1f9d9.dir/CheckSymbolExists.c.o   -c /home/pi/Car/build/CMakeFiles/CMakeTmp/CheckSymbolExists.c
Linking C executable cmTC_1f9d9
/usr/bin/cmake -E cmake_link_script CMakeFiles/cmTC_1f9d9.dir/link.txt --verbose=1
/usr/bin/cc       CMakeFiles/cmTC_1f9d9.dir/CheckSymbolExists.c.o  -o cmTC_1f9d9 -rdynamic 
CMakeFiles/cmTC_1f9d9.dir/CheckSymbolExists.c.o：在函数‘main’中：
CheckSymbolExists.c:(.text+0x38)：对‘pthread_create’未定义的引用
collect2: error: ld returned 1 exit status
CMakeFiles/cmTC_1f9d9.dir/build.make:97: recipe for target 'cmTC_1f9d9' failed
make[1]: *** [cmTC_1f9d9] Error 1
make[1]: Leaving directory '/home/pi/Car/build/CMakeFiles/CMakeTmp'
Makefile:126: recipe for target 'cmTC_1f9d9/fast' failed
make: *** [cmTC_1f9d9/fast] Error 2

File /home/pi/Car/build/CMakeFiles/CMakeTmp/CheckSymbolExists.c:
/* */
#include <pthread.h>

int main(int argc, char** argv)
{
  (void)argv;
#ifndef pthread_create
  return ((int*)(&pthread_create))[argc];
#else
  (void)argc;
  return 0;
#endif
}

Determining if the function pthread_create exists in the pthreads failed with the following output:
Change Dir: /home/pi/Car/build/CMakeFiles/CMakeTmp

Run Build Command:"/usr/bin/make" "cmTC_538f0/fast"
/usr/bin/make -f CMakeFiles/cmTC_538f0.dir/build.make CMakeFiles/cmTC_538f0.dir/build
make[1]: Entering directory '/home/pi/Car/build/CMakeFiles/CMakeTmp'
Building C object CMakeFiles/cmTC_538f0.dir/CheckFunctionExists.c.o
/usr/bin/cc    -DCHECK_FUNCTION_EXISTS=pthread_create   -o CMakeFiles/cmTC_538f0.dir/CheckFunctionExists.c.o   -c /usr/share/cmake-3.6/Modules/CheckFunctionExists.c
Linking C executable cmTC_538f0
/usr/bin/cmake -E cmake_link_script CMakeFiles/cmTC_538f0.dir/link.txt --verbose=1
/usr/bin/cc   -DCHECK_FUNCTION_EXISTS=pthread_create    CMakeFiles/cmTC_538f0.dir/CheckFunctionExists.c.o  -o cmTC_538f0 -rdynamic -lpthreads 
/usr/bin/ld: cannot find -lpthreads
collect2: error: ld returned 1 exit status
CMakeFiles/cmTC_538f0.dir/build.make:97: recipe for target 'cmTC_538f0' failed
make[1]: *** [cmTC_538f0] Error 1
make[1]: Leaving directory '/home/pi/Car/build/CMakeFiles/CMakeTmp'
Makefile:126: recipe for target 'cmTC_538f0/fast' failed
make: *** [cmTC_538f0/fast] Error 2


